{"name":"Log","hostname":"Wins-MacBook-Pro.local","pid":4197,"level":30,"msg":"Creating table: posts","time":"2020-09-27T04:42:34.650Z","v":0}
{"name":"Log","hostname":"Wins-MacBook-Pro.local","pid":4197,"level":30,"msg":"Creating table: posts_meta","time":"2020-09-27T04:42:34.655Z","v":0}
{"name":"Log","hostname":"Wins-MacBook-Pro.local","pid":4197,"level":30,"msg":"Creating table: users","time":"2020-09-27T04:42:34.659Z","v":0}
{"name":"Log","hostname":"Wins-MacBook-Pro.local","pid":4197,"level":30,"msg":"Creating table: posts_authors","time":"2020-09-27T04:42:34.664Z","v":0}
{"name":"Log","hostname":"Wins-MacBook-Pro.local","pid":4197,"level":30,"msg":"Creating table: roles","time":"2020-09-27T04:42:34.666Z","v":0}
{"name":"Log","hostname":"Wins-MacBook-Pro.local","pid":4197,"level":30,"msg":"Creating table: roles_users","time":"2020-09-27T04:42:34.669Z","v":0}
{"name":"Log","hostname":"Wins-MacBook-Pro.local","pid":4197,"level":30,"msg":"Creating table: permissions","time":"2020-09-27T04:42:34.671Z","v":0}
{"name":"Log","hostname":"Wins-MacBook-Pro.local","pid":4197,"level":30,"msg":"Creating table: permissions_users","time":"2020-09-27T04:42:34.674Z","v":0}
{"name":"Log","hostname":"Wins-MacBook-Pro.local","pid":4197,"level":30,"msg":"Creating table: permissions_roles","time":"2020-09-27T04:42:34.676Z","v":0}
{"name":"Log","hostname":"Wins-MacBook-Pro.local","pid":4197,"level":30,"msg":"Creating table: permissions_apps","time":"2020-09-27T04:42:34.678Z","v":0}
{"name":"Log","hostname":"Wins-MacBook-Pro.local","pid":4197,"level":30,"msg":"Creating table: settings","time":"2020-09-27T04:42:34.681Z","v":0}
{"name":"Log","hostname":"Wins-MacBook-Pro.local","pid":4197,"level":30,"msg":"Creating table: tags","time":"2020-09-27T04:42:34.685Z","v":0}
{"name":"Log","hostname":"Wins-MacBook-Pro.local","pid":4197,"level":30,"msg":"Creating table: posts_tags","time":"2020-09-27T04:42:34.688Z","v":0}
{"name":"Log","hostname":"Wins-MacBook-Pro.local","pid":4197,"level":30,"msg":"Creating table: apps","time":"2020-09-27T04:42:34.690Z","v":0}
{"name":"Log","hostname":"Wins-MacBook-Pro.local","pid":4197,"level":30,"msg":"Creating table: app_settings","time":"2020-09-27T04:42:34.695Z","v":0}
{"name":"Log","hostname":"Wins-MacBook-Pro.local","pid":4197,"level":30,"msg":"Creating table: app_fields","time":"2020-09-27T04:42:34.698Z","v":0}
{"name":"Log","hostname":"Wins-MacBook-Pro.local","pid":4197,"level":30,"msg":"Creating table: invites","time":"2020-09-27T04:42:34.700Z","v":0}
{"name":"Log","hostname":"Wins-MacBook-Pro.local","pid":4197,"level":30,"msg":"Creating table: brute","time":"2020-09-27T04:42:34.703Z","v":0}
{"name":"Log","hostname":"Wins-MacBook-Pro.local","pid":4197,"level":30,"msg":"Creating table: webhooks","time":"2020-09-27T04:42:34.705Z","v":0}
{"name":"Log","hostname":"Wins-MacBook-Pro.local","pid":4197,"level":30,"msg":"Creating table: sessions","time":"2020-09-27T04:42:34.707Z","v":0}
{"name":"Log","hostname":"Wins-MacBook-Pro.local","pid":4197,"level":30,"msg":"Creating table: integrations","time":"2020-09-27T04:42:34.710Z","v":0}
{"name":"Log","hostname":"Wins-MacBook-Pro.local","pid":4197,"level":30,"msg":"Creating table: api_keys","time":"2020-09-27T04:42:34.712Z","v":0}
{"name":"Log","hostname":"Wins-MacBook-Pro.local","pid":4197,"level":30,"msg":"Creating table: mobiledoc_revisions","time":"2020-09-27T04:42:34.715Z","v":0}
{"name":"Log","hostname":"Wins-MacBook-Pro.local","pid":4197,"level":30,"msg":"Creating table: members","time":"2020-09-27T04:42:34.718Z","v":0}
{"name":"Log","hostname":"Wins-MacBook-Pro.local","pid":4197,"level":30,"msg":"Creating table: labels","time":"2020-09-27T04:42:34.722Z","v":0}
{"name":"Log","hostname":"Wins-MacBook-Pro.local","pid":4197,"level":30,"msg":"Creating table: members_labels","time":"2020-09-27T04:42:34.727Z","v":0}
{"name":"Log","hostname":"Wins-MacBook-Pro.local","pid":4197,"level":30,"msg":"Creating table: members_stripe_customers","time":"2020-09-27T04:42:34.729Z","v":0}
{"name":"Log","hostname":"Wins-MacBook-Pro.local","pid":4197,"level":30,"msg":"Creating table: members_stripe_customers_subscriptions","time":"2020-09-27T04:42:34.734Z","v":0}
{"name":"Log","hostname":"Wins-MacBook-Pro.local","pid":4197,"level":30,"msg":"Creating table: actions","time":"2020-09-27T04:42:34.737Z","v":0}
{"name":"Log","hostname":"Wins-MacBook-Pro.local","pid":4197,"level":30,"msg":"Creating table: emails","time":"2020-09-27T04:42:34.739Z","v":0}
{"name":"Log","hostname":"Wins-MacBook-Pro.local","pid":4197,"level":30,"msg":"Creating table: email_batches","time":"2020-09-27T04:42:34.742Z","v":0}
{"name":"Log","hostname":"Wins-MacBook-Pro.local","pid":4197,"level":30,"msg":"Creating table: email_recipients","time":"2020-09-27T04:42:34.744Z","v":0}
{"name":"Log","hostname":"Wins-MacBook-Pro.local","pid":4197,"level":30,"msg":"Creating table: tokens","time":"2020-09-27T04:42:34.747Z","v":0}
{"name":"Log","hostname":"Wins-MacBook-Pro.local","pid":4197,"level":30,"msg":"Model: Tag","time":"2020-09-27T04:42:34.752Z","v":0}
{"name":"Log","hostname":"Wins-MacBook-Pro.local","pid":4197,"level":30,"msg":"Model: Role","time":"2020-09-27T04:42:34.771Z","v":0}
{"name":"Log","hostname":"Wins-MacBook-Pro.local","pid":4197,"level":30,"msg":"Model: Permission","time":"2020-09-27T04:42:34.792Z","v":0}
{"name":"Log","hostname":"Wins-MacBook-Pro.local","pid":4197,"level":30,"msg":"Model: User","time":"2020-09-27T04:42:34.977Z","v":0}
{"name":"Log","hostname":"Wins-MacBook-Pro.local","pid":4197,"level":30,"msg":"Model: Post","time":"2020-09-27T04:42:35.413Z","v":0}
{"name":"Log","hostname":"Wins-MacBook-Pro.local","pid":4197,"level":30,"msg":"Model: Integration","time":"2020-09-27T04:42:35.614Z","v":0}
{"name":"Log","hostname":"Wins-MacBook-Pro.local","pid":4197,"level":30,"msg":"Relation: Role to Permission","time":"2020-09-27T04:42:35.637Z","v":0}
{"name":"Log","hostname":"Wins-MacBook-Pro.local","pid":4197,"level":30,"msg":"Relation: Post to Tag","time":"2020-09-27T04:42:35.821Z","v":0}
{"name":"Log","hostname":"Wins-MacBook-Pro.local","pid":4197,"level":30,"msg":"Relation: User to Role","time":"2020-09-27T04:42:35.842Z","v":0}
{"name":"Log","hostname":"Wins-MacBook-Pro.local","pid":4197,"level":30,"msg":"Ghost is running in development...","time":"2020-09-27T04:42:38.138Z","v":0}
{"name":"Log","hostname":"Wins-MacBook-Pro.local","pid":4197,"level":30,"msg":"Listening on: 127.0.0.1:2370","time":"2020-09-27T04:42:38.139Z","v":0}
{"name":"Log","hostname":"Wins-MacBook-Pro.local","pid":4197,"level":30,"msg":"Url configured as: http://localhost:2370/","time":"2020-09-27T04:42:38.140Z","v":0}
{"name":"Log","hostname":"Wins-MacBook-Pro.local","pid":4197,"level":30,"msg":"Ctrl+C to shut down","time":"2020-09-27T04:42:38.140Z","v":0}
{"name":"Log","hostname":"Wins-MacBook-Pro.local","pid":4197,"level":30,"msg":"Ghost boot 6.448s","time":"2020-09-27T04:42:38.141Z","v":0}
